c:\users\tor bretherton\documents\jake\uni year 2\cmp202\cmp202project\cmp202project\x64\debug\vc142.pdb
c:\users\tor bretherton\documents\jake\uni year 2\cmp202\cmp202project\cmp202project\x64\debug\vc142.idb
c:\users\tor bretherton\documents\jake\uni year 2\cmp202\cmp202project\cmp202project\x64\debug\timingdata.obj
c:\users\tor bretherton\documents\jake\uni year 2\cmp202\cmp202project\cmp202project\x64\debug\source.obj
c:\users\tor bretherton\documents\jake\uni year 2\cmp202\cmp202project\cmp202project\x64\debug\semaphore.obj
c:\users\tor bretherton\documents\jake\uni year 2\cmp202\cmp202project\cmp202project\x64\debug\functiontimer.obj
c:\users\tor bretherton\documents\jake\uni year 2\cmp202\cmp202project\cmp202project\x64\debug\channel.obj
c:\users\tor bretherton\documents\jake\uni year 2\cmp202\cmp202project\cmp202project\x64\debug\passwordgeneratorthreadwrapper.obj
c:\users\tor bretherton\documents\jake\uni year 2\cmp202\cmp202project\cmp202project\x64\debug\barrier.obj
c:\users\tor bretherton\documents\jake\uni year 2\cmp202\cmp202project\cmp202project\x64\debug\cracker.obj
c:\users\tor bretherton\documents\jake\uni year 2\cmp202\cmp202project\x64\debug\cmp202project.exe
c:\users\tor bretherton\documents\jake\uni year 2\cmp202\cmp202project\x64\debug\cmp202project.ilk
c:\users\tor bretherton\documents\jake\uni year 2\cmp202\cmp202project\x64\debug\cmp202project.pdb
c:\users\tor bretherton\documents\jake\uni year 2\cmp202\cmp202project\cmp202project\x64\debug\cmp202project.tlog\cl.command.1.tlog
c:\users\tor bretherton\documents\jake\uni year 2\cmp202\cmp202project\cmp202project\x64\debug\cmp202project.tlog\cl.read.1.tlog
c:\users\tor bretherton\documents\jake\uni year 2\cmp202\cmp202project\cmp202project\x64\debug\cmp202project.tlog\cl.write.1.tlog
c:\users\tor bretherton\documents\jake\uni year 2\cmp202\cmp202project\cmp202project\x64\debug\cmp202project.tlog\link-cvtres.read.1.tlog
c:\users\tor bretherton\documents\jake\uni year 2\cmp202\cmp202project\cmp202project\x64\debug\cmp202project.tlog\link-cvtres.write.1.tlog
c:\users\tor bretherton\documents\jake\uni year 2\cmp202\cmp202project\cmp202project\x64\debug\cmp202project.tlog\link-rc.read.1.tlog
c:\users\tor bretherton\documents\jake\uni year 2\cmp202\cmp202project\cmp202project\x64\debug\cmp202project.tlog\link-rc.write.1.tlog
c:\users\tor bretherton\documents\jake\uni year 2\cmp202\cmp202project\cmp202project\x64\debug\cmp202project.tlog\link.8344-cvtres.read.1.tlog
c:\users\tor bretherton\documents\jake\uni year 2\cmp202\cmp202project\cmp202project\x64\debug\cmp202project.tlog\link.8344-cvtres.write.1.tlog
c:\users\tor bretherton\documents\jake\uni year 2\cmp202\cmp202project\cmp202project\x64\debug\cmp202project.tlog\link.8344-rc.read.1.tlog
c:\users\tor bretherton\documents\jake\uni year 2\cmp202\cmp202project\cmp202project\x64\debug\cmp202project.tlog\link.8344-rc.write.1.tlog
c:\users\tor bretherton\documents\jake\uni year 2\cmp202\cmp202project\cmp202project\x64\debug\cmp202project.tlog\link.8344.read.1.tlog
c:\users\tor bretherton\documents\jake\uni year 2\cmp202\cmp202project\cmp202project\x64\debug\cmp202project.tlog\link.8344.write.1.tlog
c:\users\tor bretherton\documents\jake\uni year 2\cmp202\cmp202project\cmp202project\x64\debug\cmp202project.tlog\link.command.1.tlog
c:\users\tor bretherton\documents\jake\uni year 2\cmp202\cmp202project\cmp202project\x64\debug\cmp202project.tlog\link.read.1.tlog
c:\users\tor bretherton\documents\jake\uni year 2\cmp202\cmp202project\cmp202project\x64\debug\cmp202project.tlog\link.write.1.tlog
