  PasswordCracker.cpp
C:\Users\Tor Bretherton\Documents\Jake\Uni Year 2\CMP202\CMP202Project\CMP202Project\PasswordCracker.h(43,58): warning C4309: 'default argument': truncation of constant value
C:\Users\Tor Bretherton\Documents\Jake\Uni Year 2\CMP202\CMP202Project\CMP202Project\PasswordCracker.cpp(126,25): warning C4244: 'initializing': conversion from 'float' to 'int', possible loss of data
C:\Users\Tor Bretherton\Documents\Jake\Uni Year 2\CMP202\CMP202Project\CMP202Project\PasswordCracker.cpp(139,46): warning C4267: 'initializing': conversion from 'size_t' to 'int', possible loss of data
C:\Users\Tor Bretherton\Documents\Jake\Uni Year 2\CMP202\CMP202Project\CMP202Project\PasswordCracker.cpp(139,46): warning C4267: 'initializing': conversion from 'size_t' to 'const int', possible loss of data
  Source.cpp
C:\Users\Tor Bretherton\Documents\Jake\Uni Year 2\CMP202\CMP202Project\CMP202Project\PasswordCracker.h(43,58): warning C4309: 'default argument': truncation of constant value
C:\Users\Tor Bretherton\Documents\Jake\Uni Year 2\CMP202\CMP202Project\CMP202Project\TimingDataMember.tpp(28,39): warning C4244: 'argument': conversion from 'const int' to 'float', possible loss of data
C:\Users\Tor Bretherton\Documents\Jake\Uni Year 2\CMP202\CMP202Project\CMP202Project\TimingDataMember.tpp(11): message : while compiling class template member function 'void TimingDataMember<T_caller,T_ret>::RunFunctionTiming(const int,const int,T_caller *)'
          with
          [
              T_caller=PasswordCracker,
              T_ret=void
          ]
C:\Users\Tor Bretherton\Documents\Jake\Uni Year 2\CMP202\CMP202Project\CMP202Project\FunctionTimer.h(83): message : see reference to function template instantiation 'void TimingDataMember<T_caller,T_ret>::RunFunctionTiming(const int,const int,T_caller *)' being compiled
          with
          [
              T_caller=PasswordCracker,
              T_ret=void
          ]
C:\Users\Tor Bretherton\Documents\Jake\Uni Year 2\CMP202\CMP202Project\CMP202Project\FunctionTimer.h(77): message : see reference to class template instantiation 'TimingDataMember<T_caller,T_ret>' being compiled
          with
          [
              T_caller=PasswordCracker,
              T_ret=void
          ]
C:\Users\Tor Bretherton\Documents\Jake\Uni Year 2\CMP202\CMP202Project\CMP202Project\Source.cpp(122): message : see reference to function template instantiation 'TimingData *FunctionTimer::RunNewTiming<PasswordCracker,void,>(std::string,T_ret (__cdecl PasswordCracker::* )(void),T_caller *,const int,const int)' being compiled
          with
          [
              T_ret=void,
              T_caller=PasswordCracker
          ]
C:\Users\Tor Bretherton\Documents\Jake\Uni Year 2\CMP202\CMP202Project\CMP202Project\TimingDataMember.tpp(28,36): warning C4244: 'argument': conversion from 'int' to 'float', possible loss of data
  Generating code
  82 of 633 functions (13.0%) were compiled, the rest were copied from previous compilation.
    8 functions were new in current compilation
    16 functions had inline decision re-evaluated but remain unchanged
  Finished generating code
  CMP202Project.vcxproj -> C:\Users\Tor Bretherton\Documents\Jake\Uni Year 2\CMP202\CMP202Project\x64\Release\CMP202Project.exe
